Flow report for CompArchProcessor
Wed Feb 08 23:22:12 2017
Quartus II 64-Bit Version 13.1.0 Build 162 10/23/2013 SJ Web Edition


---------------------
; Table of Contents ;
---------------------
  1. Legal Notice
  2. Flow Summary
  3. Flow Settings
  4. Flow Non-Default Global Settings
  5. Flow Elapsed Time
  6. Flow OS Summary
  7. Flow Log
  8. Flow Messages
  9. Flow Suppressed Messages



----------------
; Legal Notice ;
----------------
Copyright (C) 1991-2013 Altera Corporation
Your use of Altera Corporation's design tools, logic functions 
and other software and tools, and its AMPP partner logic 
functions, and any output files from any of the foregoing 
(including device programming or simulation files), and any 
associated documentation or information are expressly subject 
to the terms and conditions of the Altera Program License 
Subscription Agreement, Altera MegaCore Function License 
Agreement, or other applicable license agreement, including, 
without limitation, that your use is for the sole purpose of 
programming logic devices manufactured by Altera and sold by 
Altera or its authorized distributors.  Please refer to the 
applicable agreement for further details.



+---------------------------------------------------------------------------------+
; Flow Summary                                                                    ;
+------------------------------------+--------------------------------------------+
; Flow Status                        ; Successful - Wed Feb 08 23:22:12 2017      ;
; Quartus II 64-Bit Version          ; 13.1.0 Build 162 10/23/2013 SJ Web Edition ;
; Revision Name                      ; CompArchProcessor                          ;
; Top-level Entity Name              ; reg_file                                   ;
; Family                             ; Cyclone IV GX                              ;
; Total logic elements               ; 296 / 29,440 ( 1 % )                       ;
;     Total combinational functions  ; 296 / 29,440 ( 1 % )                       ;
;     Dedicated logic registers      ; 0 / 29,440 ( 0 % )                         ;
; Total registers                    ; 0                                          ;
; Total pins                         ; 188 / 307 ( 61 % )                         ;
; Total virtual pins                 ; 0                                          ;
; Total memory bits                  ; 0 / 1,105,920 ( 0 % )                      ;
; Embedded Multiplier 9-bit elements ; 0 / 160 ( 0 % )                            ;
; Total GXB Receiver Channel PCS     ; 0 / 4 ( 0 % )                              ;
; Total GXB Receiver Channel PMA     ; 0 / 4 ( 0 % )                              ;
; Total GXB Transmitter Channel PCS  ; 0 / 4 ( 0 % )                              ;
; Total GXB Transmitter Channel PMA  ; 0 / 4 ( 0 % )                              ;
; Total PLLs                         ; 0 / 6 ( 0 % )                              ;
; Device                             ; EP4CGX30CF23C6                             ;
; Timing Models                      ; Final                                      ;
+------------------------------------+--------------------------------------------+


+-----------------------------------------+
; Flow Settings                           ;
+-------------------+---------------------+
; Option            ; Setting             ;
+-------------------+---------------------+
; Start date & time ; 02/08/2017 23:21:37 ;
; Main task         ; Compilation         ;
; Revision Name     ; CompArchProcessor   ;
+-------------------+---------------------+


+---------------------------------------------------------------------------------------------------------------------------+
; Flow Non-Default Global Settings                                                                                          ;
+--------------------------------------+---------------------------------+-------------------+-------------+----------------+
; Assignment Name                      ; Value                           ; Default Value     ; Entity Name ; Section Id     ;
+--------------------------------------+---------------------------------+-------------------+-------------+----------------+
; COMPILER_SIGNATURE_ID                ; 180546894908892.148661409710472 ; --                ; --          ; --             ;
; EDA_DESIGN_INSTANCE_NAME             ; NA                              ; --                ; --          ; reg_file_tb    ;
; EDA_NATIVELINK_SIMULATION_TEST_BENCH ; reg_file_tb                     ; --                ; --          ; eda_simulation ;
; EDA_OUTPUT_DATA_FORMAT               ; Verilog Hdl                     ; --                ; --          ; eda_simulation ;
; EDA_SIMULATION_TOOL                  ; ModelSim-Altera (Verilog)       ; <None>            ; --          ; --             ;
; EDA_TEST_BENCH_ENABLE_STATUS         ; TEST_BENCH_MODE                 ; --                ; --          ; eda_simulation ;
; EDA_TEST_BENCH_FILE                  ; reg_file_tb.v                   ; --                ; --          ; reg_file_tb    ;
; EDA_TEST_BENCH_MODULE_NAME           ; reg_file_tb                     ; --                ; --          ; reg_file_tb    ;
; EDA_TEST_BENCH_NAME                  ; reg_file_tb                     ; --                ; --          ; eda_simulation ;
; EDA_TIME_SCALE                       ; 1 ps                            ; --                ; --          ; eda_simulation ;
; PARTITION_COLOR                      ; 14622752                        ; --                ; DE0_Default ; Top            ;
; PARTITION_COLOR                      ; 16764057                        ; --                ; Lab3a_s1    ; Top            ;
; PARTITION_COLOR                      ; 16764057                        ; --                ; Lab3b       ; Top            ;
; PARTITION_COLOR                      ; 16764057                        ; --                ; reg_file    ; Top            ;
; PARTITION_FITTER_PRESERVATION_LEVEL  ; PLACEMENT_AND_ROUTING           ; --                ; Lab3a_s1    ; Top            ;
; PARTITION_FITTER_PRESERVATION_LEVEL  ; PLACEMENT_AND_ROUTING           ; --                ; Lab3b       ; Top            ;
; PARTITION_FITTER_PRESERVATION_LEVEL  ; PLACEMENT_AND_ROUTING           ; --                ; reg_file    ; Top            ;
; PARTITION_NETLIST_TYPE               ; SOURCE                          ; --                ; DE0_Default ; Top            ;
; PARTITION_NETLIST_TYPE               ; SOURCE                          ; --                ; Lab3a_s1    ; Top            ;
; PARTITION_NETLIST_TYPE               ; SOURCE                          ; --                ; Lab3b       ; Top            ;
; PARTITION_NETLIST_TYPE               ; SOURCE                          ; --                ; reg_file    ; Top            ;
; PROJECT_OUTPUT_DIRECTORY             ; output_files                    ; --                ; --          ; --             ;
; TOP_LEVEL_ENTITY                     ; reg_file                        ; CompArchProcessor ; --          ; --             ;
+--------------------------------------+---------------------------------+-------------------+-------------+----------------+


+-------------------------------------------------------------------------------------------------------------------------------+
; Flow Elapsed Time                                                                                                             ;
+---------------------------+--------------+-------------------------+---------------------+------------------------------------+
; Module Name               ; Elapsed Time ; Average Processors Used ; Peak Virtual Memory ; Total CPU Time (on all processors) ;
+---------------------------+--------------+-------------------------+---------------------+------------------------------------+
; Analysis & Synthesis      ; 00:00:02     ; 1.0                     ; 544 MB              ; 00:00:01                           ;
; Fitter                    ; 00:00:16     ; 1.0                     ; 1030 MB             ; 00:00:13                           ;
; Assembler                 ; 00:00:03     ; 1.0                     ; 531 MB              ; 00:00:03                           ;
; TimeQuest Timing Analyzer ; 00:00:03     ; 1.0                     ; 561 MB              ; 00:00:03                           ;
; EDA Netlist Writer        ; 00:00:01     ; 1.0                     ; 488 MB              ; 00:00:01                           ;
; Total                     ; 00:00:25     ; --                      ; --                  ; 00:00:21                           ;
+---------------------------+--------------+-------------------------+---------------------+------------------------------------+


+----------------------------------------------------------------------------------------+
; Flow OS Summary                                                                        ;
+---------------------------+------------------+-----------+------------+----------------+
; Module Name               ; Machine Hostname ; OS Name   ; OS Version ; Processor type ;
+---------------------------+------------------+-----------+------------+----------------+
; Analysis & Synthesis      ; DESKTOP-QBRQMS5  ; Windows 7 ; 6.2        ; x86_64         ;
; Fitter                    ; DESKTOP-QBRQMS5  ; Windows 7 ; 6.2        ; x86_64         ;
; Assembler                 ; DESKTOP-QBRQMS5  ; Windows 7 ; 6.2        ; x86_64         ;
; TimeQuest Timing Analyzer ; DESKTOP-QBRQMS5  ; Windows 7 ; 6.2        ; x86_64         ;
; EDA Netlist Writer        ; DESKTOP-QBRQMS5  ; Windows 7 ; 6.2        ; x86_64         ;
+---------------------------+------------------+-----------+------------+----------------+


------------
; Flow Log ;
------------
quartus_map --read_settings_files=on --write_settings_files=off CompArchProcessor -c CompArchProcessor
quartus_fit --read_settings_files=off --write_settings_files=off CompArchProcessor -c CompArchProcessor
quartus_asm --read_settings_files=off --write_settings_files=off CompArchProcessor -c CompArchProcessor
quartus_sta CompArchProcessor -c CompArchProcessor
quartus_eda --read_settings_files=off --write_settings_files=off CompArchProcessor -c CompArchProcessor



