Analysis & Elaboration report for Register_File
Thu Feb 09 09:24:36 2017
Quartus II 64-Bit Version 13.0.1 Build 232 06/12/2013 Service Pack 1 SJ Web Edition


---------------------
; Table of Contents ;
---------------------
  1. Legal Notice
  2. Analysis & Elaboration Summary
  3. Parallel Compilation
  4. Analysis & Elaboration Settings
  5. Port Connectivity Checks: "ALU_4bit_v:b2v_inst|FOURtoONE_MUX:b2v_inst34"
  6. Port Connectivity Checks: "ALU_4bit_v:b2v_inst|FOURtoONE_MUX:b2v_inst23"
  7. Port Connectivity Checks: "ALU_4bit_v:b2v_inst|FOURtoONE_MUX:b2v_inst11"
  8. Port Connectivity Checks: "ALU_4bit_v:b2v_inst|FOURtoONE_MUX:b2v_inst1"
  9. Analysis & Elaboration Messages



----------------
; Legal Notice ;
----------------
Copyright (C) 1991-2013 Altera Corporation
Your use of Altera Corporation's design tools, logic functions 
and other software and tools, and its AMPP partner logic 
functions, and any output files from any of the foregoing 
(including device programming or simulation files), and any 
associated documentation or information are expressly subject 
to the terms and conditions of the Altera Program License 
Subscription Agreement, Altera MegaCore Function License 
Agreement, or other applicable license agreement, including, 
without limitation, that your use is for the sole purpose of 
programming logic devices manufactured by Altera and sold by 
Altera or its authorized distributors.  Please refer to the 
applicable agreement for further details.



+--------------------------------------------------------------------------------------+
; Analysis & Elaboration Summary                                                       ;
+------------------------------------+-------------------------------------------------+
; Analysis & Elaboration Status      ; Successful - Thu Feb 09 09:24:36 2017           ;
; Quartus II 64-Bit Version          ; 13.0.1 Build 232 06/12/2013 SP 1 SJ Web Edition ;
; Revision Name                      ; Register_File                                   ;
; Top-level Entity Name              ; ALU_16bit_v                                     ;
; Family                             ; Cyclone III                                     ;
; Total logic elements               ; N/A until Partition Merge                       ;
;     Total combinational functions  ; N/A until Partition Merge                       ;
;     Dedicated logic registers      ; N/A until Partition Merge                       ;
; Total registers                    ; N/A until Partition Merge                       ;
; Total pins                         ; N/A until Partition Merge                       ;
; Total virtual pins                 ; N/A until Partition Merge                       ;
; Total memory bits                  ; N/A until Partition Merge                       ;
; Embedded Multiplier 9-bit elements ; N/A until Partition Merge                       ;
; Total PLLs                         ; N/A until Partition Merge                       ;
+------------------------------------+-------------------------------------------------+


Parallel compilation was disabled, but you have multiple processors available. Enable parallel compilation to reduce compilation time.
+-------------------------------------+
; Parallel Compilation                ;
+----------------------------+--------+
; Processors                 ; Number ;
+----------------------------+--------+
; Number detected on machine ; 4      ;
; Maximum allowed            ; 1      ;
+----------------------------+--------+


+----------------------------------------------------------------------------------------------------------------------+
; Analysis & Elaboration Settings                                                                                      ;
+----------------------------------------------------------------------------+--------------------+--------------------+
; Option                                                                     ; Setting            ; Default Value      ;
+----------------------------------------------------------------------------+--------------------+--------------------+
; Device                                                                     ; EP3C16F484C6       ;                    ;
; Top-level entity name                                                      ; ALU_16bit_v        ; Register_File      ;
; Family name                                                                ; Cyclone III        ; Cyclone IV GX      ;
; Use smart compilation                                                      ; Off                ; Off                ;
; Enable parallel Assembler and TimeQuest Timing Analyzer during compilation ; On                 ; On                 ;
; Enable compact report table                                                ; Off                ; Off                ;
; Restructure Multiplexers                                                   ; Auto               ; Auto               ;
; Create Debugging Nodes for IP Cores                                        ; Off                ; Off                ;
; Preserve fewer node names                                                  ; On                 ; On                 ;
; Disable OpenCore Plus hardware evaluation                                  ; Off                ; Off                ;
; Verilog Version                                                            ; Verilog_2001       ; Verilog_2001       ;
; VHDL Version                                                               ; VHDL_1993          ; VHDL_1993          ;
; State Machine Processing                                                   ; Auto               ; Auto               ;
; Safe State Machine                                                         ; Off                ; Off                ;
; Extract Verilog State Machines                                             ; On                 ; On                 ;
; Extract VHDL State Machines                                                ; On                 ; On                 ;
; Ignore Verilog initial constructs                                          ; Off                ; Off                ;
; Iteration limit for constant Verilog loops                                 ; 5000               ; 5000               ;
; Iteration limit for non-constant Verilog loops                             ; 250                ; 250                ;
; Add Pass-Through Logic to Inferred RAMs                                    ; On                 ; On                 ;
; Infer RAMs from Raw Logic                                                  ; On                 ; On                 ;
; Parallel Synthesis                                                         ; On                 ; On                 ;
; DSP Block Balancing                                                        ; Auto               ; Auto               ;
; NOT Gate Push-Back                                                         ; On                 ; On                 ;
; Power-Up Don't Care                                                        ; On                 ; On                 ;
; Remove Redundant Logic Cells                                               ; Off                ; Off                ;
; Remove Duplicate Registers                                                 ; On                 ; On                 ;
; Ignore CARRY Buffers                                                       ; Off                ; Off                ;
; Ignore CASCADE Buffers                                                     ; Off                ; Off                ;
; Ignore GLOBAL Buffers                                                      ; Off                ; Off                ;
; Ignore ROW GLOBAL Buffers                                                  ; Off                ; Off                ;
; Ignore LCELL Buffers                                                       ; Off                ; Off                ;
; Ignore SOFT Buffers                                                        ; On                 ; On                 ;
; Limit AHDL Integers to 32 Bits                                             ; Off                ; Off                ;
; Optimization Technique                                                     ; Balanced           ; Balanced           ;
; Carry Chain Length                                                         ; 70                 ; 70                 ;
; Auto Carry Chains                                                          ; On                 ; On                 ;
; Auto Open-Drain Pins                                                       ; On                 ; On                 ;
; Perform WYSIWYG Primitive Resynthesis                                      ; Off                ; Off                ;
; Auto ROM Replacement                                                       ; On                 ; On                 ;
; Auto RAM Replacement                                                       ; On                 ; On                 ;
; Auto DSP Block Replacement                                                 ; On                 ; On                 ;
; Auto Shift Register Replacement                                            ; Auto               ; Auto               ;
; Allow Shift Register Merging across Hierarchies                            ; Auto               ; Auto               ;
; Auto Clock Enable Replacement                                              ; On                 ; On                 ;
; Strict RAM Replacement                                                     ; Off                ; Off                ;
; Allow Synchronous Control Signals                                          ; On                 ; On                 ;
; Force Use of Synchronous Clear Signals                                     ; Off                ; Off                ;
; Auto RAM Block Balancing                                                   ; On                 ; On                 ;
; Auto RAM to Logic Cell Conversion                                          ; Off                ; Off                ;
; Auto Resource Sharing                                                      ; Off                ; Off                ;
; Allow Any RAM Size For Recognition                                         ; Off                ; Off                ;
; Allow Any ROM Size For Recognition                                         ; Off                ; Off                ;
; Allow Any Shift Register Size For Recognition                              ; Off                ; Off                ;
; Use LogicLock Constraints during Resource Balancing                        ; On                 ; On                 ;
; Ignore translate_off and synthesis_off directives                          ; Off                ; Off                ;
; Timing-Driven Synthesis                                                    ; On                 ; On                 ;
; Report Parameter Settings                                                  ; On                 ; On                 ;
; Report Source Assignments                                                  ; On                 ; On                 ;
; Report Connectivity Checks                                                 ; On                 ; On                 ;
; Ignore Maximum Fan-Out Assignments                                         ; Off                ; Off                ;
; Synchronization Register Chain Length                                      ; 2                  ; 2                  ;
; PowerPlay Power Optimization                                               ; Normal compilation ; Normal compilation ;
; HDL message level                                                          ; Level2             ; Level2             ;
; Suppress Register Optimization Related Messages                            ; Off                ; Off                ;
; Number of Removed Registers Reported in Synthesis Report                   ; 5000               ; 5000               ;
; Number of Swept Nodes Reported in Synthesis Report                         ; 5000               ; 5000               ;
; Number of Inverted Registers Reported in Synthesis Report                  ; 100                ; 100                ;
; Clock MUX Protection                                                       ; On                 ; On                 ;
; Auto Gated Clock Conversion                                                ; Off                ; Off                ;
; Block Design Naming                                                        ; Auto               ; Auto               ;
; SDC constraint protection                                                  ; Off                ; Off                ;
; Synthesis Effort                                                           ; Auto               ; Auto               ;
; Shift Register Replacement - Allow Asynchronous Clear Signal               ; On                 ; On                 ;
; Pre-Mapping Resynthesis Optimization                                       ; Off                ; Off                ;
; Analysis & Synthesis Message Level                                         ; Medium             ; Medium             ;
; Disable Register Merging Across Hierarchies                                ; Auto               ; Auto               ;
; Resource Aware Inference For Block RAM                                     ; On                 ; On                 ;
; Synthesis Seed                                                             ; 1                  ; 1                  ;
+----------------------------------------------------------------------------+--------------------+--------------------+


+--------------------------------------------------------------------------+
; Port Connectivity Checks: "ALU_4bit_v:b2v_inst|FOURtoONE_MUX:b2v_inst34" ;
+------+-------+----------+------------------------------------------------+
; Port ; Type  ; Severity ; Details                                        ;
+------+-------+----------+------------------------------------------------+
; A    ; Input ; Info     ; Stuck at GND                                   ;
; B    ; Input ; Info     ; Stuck at VCC                                   ;
+------+-------+----------+------------------------------------------------+


+--------------------------------------------------------------------------+
; Port Connectivity Checks: "ALU_4bit_v:b2v_inst|FOURtoONE_MUX:b2v_inst23" ;
+------+-------+----------+------------------------------------------------+
; Port ; Type  ; Severity ; Details                                        ;
+------+-------+----------+------------------------------------------------+
; A    ; Input ; Info     ; Stuck at GND                                   ;
; B    ; Input ; Info     ; Stuck at VCC                                   ;
+------+-------+----------+------------------------------------------------+


+--------------------------------------------------------------------------+
; Port Connectivity Checks: "ALU_4bit_v:b2v_inst|FOURtoONE_MUX:b2v_inst11" ;
+------+-------+----------+------------------------------------------------+
; Port ; Type  ; Severity ; Details                                        ;
+------+-------+----------+------------------------------------------------+
; A    ; Input ; Info     ; Stuck at GND                                   ;
; B    ; Input ; Info     ; Stuck at VCC                                   ;
+------+-------+----------+------------------------------------------------+


+-------------------------------------------------------------------------+
; Port Connectivity Checks: "ALU_4bit_v:b2v_inst|FOURtoONE_MUX:b2v_inst1" ;
+------+-------+----------+-----------------------------------------------+
; Port ; Type  ; Severity ; Details                                       ;
+------+-------+----------+-----------------------------------------------+
; A    ; Input ; Info     ; Stuck at GND                                  ;
; B    ; Input ; Info     ; Stuck at VCC                                  ;
+------+-------+----------+-----------------------------------------------+


+---------------------------------+
; Analysis & Elaboration Messages ;
+---------------------------------+
Info: *******************************************************************
Info: Running Quartus II 64-Bit Analysis & Elaboration
    Info: Version 13.0.1 Build 232 06/12/2013 Service Pack 1 SJ Web Edition
    Info: Processing started: Thu Feb 09 09:24:24 2017
Info: Command: quartus_map --read_settings_files=on --write_settings_files=off Processor -c Register_File --analysis_and_elaboration
Warning (20028): Parallel compilation is not licensed and has been disabled
Info (12021): Found 1 design units, including 1 entities, in source file threetoeight_decoder.v
    Info (12023): Found entity 1: THREEtoEIGHT_decoder
Info (12021): Found 1 design units, including 1 entities, in source file register_file.bdf
    Info (12023): Found entity 1: Register_File
Info (12021): Found 1 design units, including 1 entities, in source file register.v
    Info (12023): Found entity 1: Register
Info (12021): Found 1 design units, including 1 entities, in source file eighttoone_mux16bit.v
    Info (12023): Found entity 1: EIGHTtoONE_MUX16bit
Info (12021): Found 1 design units, including 1 entities, in source file twotoone_mux.v
    Info (12023): Found entity 1: TWOtoONE_MUX
Info (12021): Found 1 design units, including 1 entities, in source file fourtoone_mux.v
    Info (12023): Found entity 1: FOURtoONE_MUX
Warning (12019): Can't analyze file -- file ALU.bdf is missing
Info (12021): Found 1 design units, including 1 entities, in source file carrylookaheadadder.v
    Info (12023): Found entity 1: CarryLookaheadAdder
Info (12021): Found 1 design units, including 1 entities, in source file alu_4bit.bdf
    Info (12023): Found entity 1: ALU_4bit
Info (12021): Found 1 design units, including 1 entities, in source file alu_16bit.bdf
    Info (12023): Found entity 1: ALU_16bit
Info (12021): Found 1 design units, including 1 entities, in source file register_file_t.v
    Info (12023): Found entity 1: Register_File_t
Info (12021): Found 1 design units, including 1 entities, in source file register_file_v.v
    Info (12023): Found entity 1: Register_File_v
Info (12021): Found 1 design units, including 1 entities, in source file alu_16bit_v.v
    Info (12023): Found entity 1: ALU_16bit_v
Info (12021): Found 1 design units, including 1 entities, in source file alu_16bit_t.v
    Info (12023): Found entity 1: ALU_16bit_t
Info (12021): Found 3 design units, including 3 entities, in source file alu_4bit_v.v
    Info (12023): Found entity 1: ALU_4bit_v
    Info (12023): Found entity 2: and5_1
    Info (12023): Found entity 3: or5_0
Info (12127): Elaborating entity "ALU_16bit_v" for the top level hierarchy
Info (12128): Elaborating entity "ALU_4bit_v" for hierarchy "ALU_4bit_v:b2v_inst"
Info (12128): Elaborating entity "FOURtoONE_MUX" for hierarchy "ALU_4bit_v:b2v_inst|FOURtoONE_MUX:b2v_inst"
Info (12128): Elaborating entity "TWOtoONE_MUX" for hierarchy "ALU_4bit_v:b2v_inst|TWOtoONE_MUX:b2v_inst13"
Info (12128): Elaborating entity "CarryLookaheadAdder" for hierarchy "ALU_4bit_v:b2v_inst|CarryLookaheadAdder:b2v_inst15"
Info (12128): Elaborating entity "or5_0" for hierarchy "ALU_4bit_v:b2v_inst|or5_0:b2v_inst68"
Info (12128): Elaborating entity "and5_1" for hierarchy "ALU_4bit_v:b2v_inst|and5_1:b2v_inst72"
Info: Quartus II 64-Bit Analysis & Elaboration was successful. 0 errors, 2 warnings
    Info: Peak virtual memory: 453 megabytes
    Info: Processing ended: Thu Feb 09 09:24:36 2017
    Info: Elapsed time: 00:00:12
    Info: Total CPU time (on all processors): 00:00:09


