Flow report for Register_File
Thu Feb 16 10:33:42 2017
Quartus II 64-Bit Version 13.0.1 Build 232 06/12/2013 Service Pack 1 SJ Web Edition


---------------------
; Table of Contents ;
---------------------
  1. Legal Notice
  2. Flow Summary
  3. Flow Settings
  4. Flow Non-Default Global Settings
  5. Flow Elapsed Time
  6. Flow OS Summary
  7. Flow Log
  8. Flow Messages
  9. Flow Suppressed Messages



----------------
; Legal Notice ;
----------------
Copyright (C) 1991-2013 Altera Corporation
Your use of Altera Corporation's design tools, logic functions 
and other software and tools, and its AMPP partner logic 
functions, and any output files from any of the foregoing 
(including device programming or simulation files), and any 
associated documentation or information are expressly subject 
to the terms and conditions of the Altera Program License 
Subscription Agreement, Altera MegaCore Function License 
Agreement, or other applicable license agreement, including, 
without limitation, that your use is for the sole purpose of 
programming logic devices manufactured by Altera and sold by 
Altera or its authorized distributors.  Please refer to the 
applicable agreement for further details.



+--------------------------------------------------------------------------------------+
; Flow Summary                                                                         ;
+------------------------------------+-------------------------------------------------+
; Flow Status                        ; Successful - Thu Feb 16 10:33:41 2017           ;
; Quartus II 64-Bit Version          ; 13.0.1 Build 232 06/12/2013 SP 1 SJ Web Edition ;
; Revision Name                      ; Register_File                                   ;
; Top-level Entity Name              ; Top_Level                                       ;
; Family                             ; Cyclone III                                     ;
; Device                             ; EP3C16F484C6                                    ;
; Timing Models                      ; Final                                           ;
; Total logic elements               ; 0 / 15,408 ( 0 % )                              ;
;     Total combinational functions  ; 0 / 15,408 ( 0 % )                              ;
;     Dedicated logic registers      ; 0 / 15,408 ( 0 % )                              ;
; Total registers                    ; 0                                               ;
; Total pins                         ; 1 / 347 ( < 1 % )                               ;
; Total virtual pins                 ; 0                                               ;
; Total memory bits                  ; 0 / 516,096 ( 0 % )                             ;
; Embedded Multiplier 9-bit elements ; 0 / 112 ( 0 % )                                 ;
; Total PLLs                         ; 0 / 4 ( 0 % )                                   ;
+------------------------------------+-------------------------------------------------+


+-----------------------------------------+
; Flow Settings                           ;
+-------------------+---------------------+
; Option            ; Setting             ;
+-------------------+---------------------+
; Start date & time ; 02/16/2017 10:30:58 ;
; Main task         ; Compilation         ;
; Revision Name     ; Register_File       ;
+-------------------+---------------------+


+------------------------------------------------------------------------------------------------------------------------------+
; Flow Non-Default Global Settings                                                                                             ;
+--------------------------------------+---------------------------------------+---------------+-------------+-----------------+
; Assignment Name                      ; Value                                 ; Default Value ; Entity Name ; Section Id      ;
+--------------------------------------+---------------------------------------+---------------+-------------+-----------------+
; COMPILER_SIGNATURE_ID                ; 105927187240262.148725905739792       ; --            ; --          ; --              ;
; EDA_DESIGN_INSTANCE_NAME             ; NA                                    ; --            ; --          ; Register_File_t ;
; EDA_DESIGN_INSTANCE_NAME             ; NA                                    ; --            ; --          ; ALU_16bit_t     ;
; EDA_NATIVELINK_SIMULATION_TEST_BENCH ; ALU_16bit_t                           ; --            ; --          ; eda_simulation  ;
; EDA_OUTPUT_DATA_FORMAT               ; Verilog Hdl                           ; --            ; --          ; eda_simulation  ;
; EDA_SIMULATION_TOOL                  ; ModelSim-Altera (Verilog)             ; <None>        ; --          ; --              ;
; EDA_TEST_BENCH_ENABLE_STATUS         ; TEST_BENCH_MODE                       ; --            ; --          ; eda_simulation  ;
; EDA_TEST_BENCH_FILE                  ; Register_File_t.v                     ; --            ; --          ; Register_File_t ;
; EDA_TEST_BENCH_FILE                  ; ALU_16bit_t.v                         ; --            ; --          ; ALU_16bit_t     ;
; EDA_TEST_BENCH_MODULE_NAME           ; Register_File_t                       ; --            ; --          ; Register_File_t ;
; EDA_TEST_BENCH_MODULE_NAME           ; ALU_16bit_t                           ; --            ; --          ; ALU_16bit_t     ;
; EDA_TEST_BENCH_NAME                  ; Register_File_t                       ; --            ; --          ; eda_simulation  ;
; EDA_TEST_BENCH_NAME                  ; ALU_16bit_t                           ; --            ; --          ; eda_simulation  ;
; EDA_TIME_SCALE                       ; 1 ps                                  ; --            ; --          ; eda_simulation  ;
; MAX_CORE_JUNCTION_TEMP               ; 85                                    ; --            ; --          ; --              ;
; MIN_CORE_JUNCTION_TEMP               ; 0                                     ; --            ; --          ; --              ;
; PARTITION_COLOR                      ; 14622752                              ; --            ; DE0_Default ; Top             ;
; PARTITION_COLOR                      ; 16764057                              ; --            ; Lab3a_s1    ; Top             ;
; PARTITION_COLOR                      ; 16764057                              ; --            ; Lab3b       ; Top             ;
; PARTITION_COLOR                      ; 16764057                              ; --            ; Top_Level   ; Top             ;
; PARTITION_FITTER_PRESERVATION_LEVEL  ; PLACEMENT_AND_ROUTING                 ; --            ; Lab3a_s1    ; Top             ;
; PARTITION_FITTER_PRESERVATION_LEVEL  ; PLACEMENT_AND_ROUTING                 ; --            ; Lab3b       ; Top             ;
; PARTITION_FITTER_PRESERVATION_LEVEL  ; PLACEMENT_AND_ROUTING                 ; --            ; Top_Level   ; Top             ;
; PARTITION_NETLIST_TYPE               ; SOURCE                                ; --            ; DE0_Default ; Top             ;
; PARTITION_NETLIST_TYPE               ; SOURCE                                ; --            ; Lab3a_s1    ; Top             ;
; PARTITION_NETLIST_TYPE               ; SOURCE                                ; --            ; Lab3b       ; Top             ;
; PARTITION_NETLIST_TYPE               ; SOURCE                                ; --            ; Top_Level   ; Top             ;
; POWER_BOARD_THERMAL_MODEL            ; None (CONSERVATIVE)                   ; --            ; --          ; --              ;
; POWER_PRESET_COOLING_SOLUTION        ; 23 MM HEAT SINK WITH 200 LFPM AIRFLOW ; --            ; --          ; --              ;
; PROJECT_OUTPUT_DIRECTORY             ; output_files                          ; --            ; --          ; --              ;
; TOP_LEVEL_ENTITY                     ; Top_Level                             ; Register_File ; --          ; --              ;
+--------------------------------------+---------------------------------------+---------------+-------------+-----------------+


+-------------------------------------------------------------------------------------------------------------------------------+
; Flow Elapsed Time                                                                                                             ;
+---------------------------+--------------+-------------------------+---------------------+------------------------------------+
; Module Name               ; Elapsed Time ; Average Processors Used ; Peak Virtual Memory ; Total CPU Time (on all processors) ;
+---------------------------+--------------+-------------------------+---------------------+------------------------------------+
; Analysis & Synthesis      ; 00:00:22     ; 1.0                     ; 465 MB              ; 00:00:13                           ;
; Fitter                    ; 00:01:13     ; 1.0                     ; 723 MB              ; 00:00:57                           ;
; Assembler                 ; 00:00:24     ; 1.0                     ; 432 MB              ; 00:00:13                           ;
; TimeQuest Timing Analyzer ; 00:00:21     ; 1.0                     ; 479 MB              ; 00:00:15                           ;
; EDA Netlist Writer        ; 00:00:07     ; 1.0                     ; 390 MB              ; 00:00:06                           ;
; Total                     ; 00:02:27     ; --                      ; --                  ; 00:01:44                           ;
+---------------------------+--------------+-------------------------+---------------------+------------------------------------+


+----------------------------------------------------------------------------------------+
; Flow OS Summary                                                                        ;
+---------------------------+------------------+-----------+------------+----------------+
; Module Name               ; Machine Hostname ; OS Name   ; OS Version ; Processor type ;
+---------------------------+------------------+-----------+------------+----------------+
; Analysis & Synthesis      ; Sean             ; Windows 7 ; 6.2        ; x86_64         ;
; Fitter                    ; Sean             ; Windows 7 ; 6.2        ; x86_64         ;
; Assembler                 ; Sean             ; Windows 7 ; 6.2        ; x86_64         ;
; TimeQuest Timing Analyzer ; Sean             ; Windows 7 ; 6.2        ; x86_64         ;
; EDA Netlist Writer        ; Sean             ; Windows 7 ; 6.2        ; x86_64         ;
+---------------------------+------------------+-----------+------------+----------------+


------------
; Flow Log ;
------------
quartus_map --read_settings_files=on --write_settings_files=off Processor -c Register_File
quartus_fit --read_settings_files=off --write_settings_files=off Processor -c Register_File
quartus_asm --read_settings_files=off --write_settings_files=off Processor -c Register_File
quartus_sta Processor -c Register_File
quartus_eda --read_settings_files=off --write_settings_files=off Processor -c Register_File



